<?xml version="1.0" encoding="UTF-8"?>
<!-- Generated by org.testng.reporters.JUnitXMLReporter -->
<testsuite hostname="50HW016162" name="Test" tests="1" failures="1" timestamp="27 May 2020 20:31:14 GMT" time="0.034" errors="0">
  <testcase name="probarEstaMier" time="0.012" classname="com.test.training.testng.moviles.TESTNG_MOVILES.Prueba">
    <failure type="java.lang.AssertionError">
      <![CDATA[java.lang.AssertionError
	at org.junit.Assert.fail(Assert.java:87)
	at org.junit.Assert.assertTrue(Assert.java:42)
	at org.junit.Assert.assertTrue(Assert.java:53)
	at com.test.training.testng.moviles.TESTNG_MOVILES.Prueba.probarEstaMier(Prueba.java:11)
... Removed 25 stack frames]]>
    </failure>
  </testcase> <!-- probarEstaMier -->
</testsuite> <!-- Test -->
